=== Suite started at 2022-08-23 15:00:06
=== Starting test, 13 test cases
=cases         13
=user          iaroslav
=host          RSM3535
=hosts         RSM3535 
=emulator_vsn  10.6.4
=emulator      beam
=otp_release   22
=started       2022-08-23 15:00:06
=case          ct_framework:init_per_suite
=logfile       ct_framework.init_per_suite.html
=group_props   [{suite,test1_SUITE}]
=started       2022-08-23 15:00:06
=ended         2022-08-23 15:00:06
=result        ok
=elapsed       0.0
=case          test1_SUITE:demo_test
=logfile       test1_suite.demo_test.html
=started       2022-08-23 15:00:06
=ended         2022-08-23 15:00:06
=result        ok
=elapsed       0.001895
=case          test1_SUITE:temp_test
=logfile       test1_suite.temp_test.html
=started       2022-08-23 15:00:06
=ended         2022-08-23 15:00:06
=result        ok
=elapsed       6.78e-4
=case          test1_SUITE:mathStuff_test
=logfile       test1_suite.mathstuff_test.html
=started       2022-08-23 15:00:06
=ended         2022-08-23 15:00:06
=result        ok
=elapsed       6.22e-4
=case          test1_SUITE:lists1_test
=logfile       test1_suite.lists1_test.html
=started       2022-08-23 15:00:06
=ended         2022-08-23 15:00:06
=result        ok
=elapsed       6.12e-4
=case          test1_SUITE:time_test
=logfile       test1_suite.time_test.html
=started       2022-08-23 15:00:06
=ended         2022-08-23 15:00:06
=result        ok
=elapsed       6.8e-4
=case          test1_SUITE:two_proc_test
=logfile       test1_suite.two_proc_test.html
=started       2022-08-23 15:00:06
=ended         2022-08-23 15:00:07
=result        ok
=elapsed       1.002196
=case          test1_SUITE:ring_test
=logfile       test1_suite.ring_test.html
=started       2022-08-23 15:00:07
=ended         2022-08-23 15:00:08
=result        failed: {{assertEqual,[{module,test1_SUITE},
                                      {line,163},
                                      {expression,"is_process_alive ( Pid )"},
                                      {expected,false},
                                      {value,true}]},
                        [{test1_SUITE,'-ring_test_common/2-fun-2-',1,
                                      [{file,"test1_SUITE.erl"},{line,163}]},
                         {lists,foreach,2,[{file,"lists.erl"},{line,1338}]},
                         {test1_SUITE,ring_test_common,2,
                                      [{file,"test1_SUITE.erl"},{line,162}]},
                         {test1_SUITE,ring_test,1,
                                      [{file,"test1_SUITE.erl"},{line,125}]},
                         {test_server,ts_tc,3,
                                      [{file,"test_server.erl"},{line,1754}]},
                         {test_server,run_test_case_eval1,6,
                                      [{file,"test_server.erl"},{line,1263}]},
                         {test_server,run_test_case_eval,9,
                                      [{file,"test_server.erl"},
                                       {line,1195}]}]}, [{test1_SUITE,
                                                          '-ring_test_common/2-fun-2-',
                                                          163},
                                                         {lists,foreach,1338},
                                                         {test1_SUITE,
                                                          ring_test_common,
                                                          162},
                                                         {test1_SUITE,
                                                          ring_test,125},
                                                         {test_server,ts_tc,
                                                          1754},
                                                         {test_server,
                                                          run_test_case_eval1,
                                                          1263},
                                                         {test_server,
                                                          run_test_case_eval,
                                                          1195}]
=== *** FAILED test case 7 of 13 ***
=case          test1_SUITE:star_test
=logfile       test1_suite.star_test.html
=started       2022-08-23 15:00:08
=ended         2022-08-23 15:00:09
=result        ok
=elapsed       1.001748
=case          test1_SUITE:ms_test
=logfile       test1_suite.ms_test.html
=started       2022-08-23 15:00:09
=ended         2022-08-23 15:00:09
=result        failed: {{assertNotEqual,
                            [{module,test1_SUITE},
                             {line,224},
                             {expression,"whereis ( master )"},
                             {value,undefined}]},
                        [{test1_SUITE,'-ms_test_common/1-fun-0-',0,
                             [{file,"test1_SUITE.erl"},{line,224}]},
                         {test1_SUITE,ms_test_common,1,
                             [{file,"test1_SUITE.erl"},{line,224}]},
                         {test1_SUITE,ms_test,1,
                             [{file,"test1_SUITE.erl"},{line,211}]},
                         {test_server,ts_tc,3,
                             [{file,"test_server.erl"},{line,1754}]},
                         {test_server,run_test_case_eval1,6,
                             [{file,"test_server.erl"},{line,1263}]},
                         {test_server,run_test_case_eval,9,
                             [{file,"test_server.erl"},{line,1195}]}]}, [{test1_SUITE,
                                                                          '-ms_test_common/1-fun-0-',
                                                                          224},
                                                                         {test1_SUITE,
                                                                          ms_test_common,
                                                                          224},
                                                                         {test1_SUITE,
                                                                          ms_test,
                                                                          211},
                                                                         {test_server,
                                                                          ts_tc,
                                                                          1754},
                                                                         {test_server,
                                                                          run_test_case_eval1,
                                                                          1263},
                                                                         {test_server,
                                                                          run_test_case_eval,
                                                                          1195}]
=== *** FAILED test case 9 of 13 ***
=case          test1_SUITE:two_proc_test_boundary
=logfile       test1_suite.two_proc_test_boundary.html
=started       2022-08-23 15:00:09
=ended         2022-08-23 15:00:11
=result        ok
=elapsed       1.00173
=case          test1_SUITE:ring_test_boundary
=logfile       test1_suite.ring_test_boundary.html
=started       2022-08-23 15:00:11
=ended         2022-08-23 15:00:12
=result        ok
=elapsed       1.001398
=case          test1_SUITE:star_test_boundary
=logfile       test1_suite.star_test_boundary.html
=started       2022-08-23 15:00:12
=ended         2022-08-23 15:00:13
=result        ok
=elapsed       1.002204
=case          test1_SUITE:ms_test_boundary
=logfile       test1_suite.ms_test_boundary.html
=started       2022-08-23 15:00:13
=ended         2022-08-23 15:00:13
=result        failed: {{assertNotEqual,
                            [{module,test1_SUITE},
                             {line,224},
                             {expression,"whereis ( master )"},
                             {value,undefined}]},
                        [{test1_SUITE,'-ms_test_common/1-fun-0-',0,
                             [{file,"test1_SUITE.erl"},{line,224}]},
                         {test1_SUITE,ms_test_common,1,
                             [{file,"test1_SUITE.erl"},{line,224}]},
                         {test1_SUITE,ms_test_boundary,1,
                             [{file,"test1_SUITE.erl"},{line,216}]},
                         {test_server,ts_tc,3,
                             [{file,"test_server.erl"},{line,1754}]},
                         {test_server,run_test_case_eval1,6,
                             [{file,"test_server.erl"},{line,1263}]},
                         {test_server,run_test_case_eval,9,
                             [{file,"test_server.erl"},{line,1195}]}]}, [{test1_SUITE,
                                                                          '-ms_test_common/1-fun-0-',
                                                                          224},
                                                                         {test1_SUITE,
                                                                          ms_test_common,
                                                                          224},
                                                                         {test1_SUITE,
                                                                          ms_test_boundary,
                                                                          216},
                                                                         {test_server,
                                                                          ts_tc,
                                                                          1754},
                                                                         {test_server,
                                                                          run_test_case_eval1,
                                                                          1263},
                                                                         {test_server,
                                                                          run_test_case_eval,
                                                                          1195}]
=== *** FAILED test case 13 of 13 ***
=case          ct_framework:end_per_suite
=logfile       ct_framework.end_per_suite.html
=group_props   [{suite,test1_SUITE}]
=started       2022-08-23 15:00:13
=ended         2022-08-23 15:00:13
=result        ok
=elapsed       0.0
=group_time    6.359s
=== TEST COMPLETE, 10 ok, 3 failed of 13 test cases

=finished      2022-08-23 15:00:13
=failed        3
=successful    10
=user_skipped  0
=auto_skipped  0
