=== Suite started at 2022-08-26 18:00:38
=== Starting test, 21 test cases
=cases         21
=user          yaroslav
=host          yaroslav-VirtualBox
=hosts         yaroslav-VirtualBox 
=emulator_vsn  12.2.1
=emulator      beam
=otp_release   24
=started       2022-08-26 18:00:38
=case          ct_framework:init_per_suite
=logfile       ct_framework.init_per_suite.html
=group_props   [{suite,test1_SUITE}]
=started       2022-08-26 18:00:38
=ended         2022-08-26 18:00:38
=result        ok
=elapsed       1.0e-6
=case          test1_SUITE:demo_test
=logfile       test1_suite.demo_test.html
=started       2022-08-26 18:00:38
=ended         2022-08-26 18:00:38
=result        ok
=elapsed       0.007795
=case          test1_SUITE:temp_test
=logfile       test1_suite.temp_test.html
=started       2022-08-26 18:00:38
=ended         2022-08-26 18:00:38
=result        ok
=elapsed       0.003557
=case          test1_SUITE:mathStuff_test
=logfile       test1_suite.mathstuff_test.html
=started       2022-08-26 18:00:38
=ended         2022-08-26 18:00:38
=result        ok
=elapsed       0.003679
=case          test1_SUITE:lists1_test
=logfile       test1_suite.lists1_test.html
=started       2022-08-26 18:00:38
=ended         2022-08-26 18:00:38
=result        ok
=elapsed       0.003383
=case          test1_SUITE:time_test
=logfile       test1_suite.time_test.html
=started       2022-08-26 18:00:38
=ended         2022-08-26 18:00:38
=result        ok
=elapsed       0.007056
=case          test1_SUITE:two_proc_test
=logfile       test1_suite.two_proc_test.html
=started       2022-08-26 18:00:38
=ended         2022-08-26 18:00:39
=result        ok
=elapsed       1.009182
=case          test1_SUITE:ring_test
=logfile       test1_suite.ring_test.html
=started       2022-08-26 18:00:39
=ended         2022-08-26 18:00:40
=result        ok
=elapsed       1.010492
=case          test1_SUITE:star_test
=logfile       test1_suite.star_test.html
=started       2022-08-26 18:00:40
=ended         2022-08-26 18:00:41
=result        ok
=elapsed       1.007978
=case          test1_SUITE:ms_test
=logfile       test1_suite.ms_test.html
=started       2022-08-26 18:00:41
=ended         2022-08-26 18:00:43
=result        failed: {badarg,
                           [{erlang,send,
                                [master,{"Hi, slave!",1}],
                                [{error_info,#{module => erl_erts_errors}}]},
                            {ms,to_slave,2,[{file,"ms.erl"},{line,19}]},
                            {test1_SUITE,'-ms_test_common/1-lc$^2/1-1-',1,
                                [{file,"test1_SUITE.erl"},{line,239}]},
                            {test1_SUITE,ms_test_common,1,
                                [{file,"test1_SUITE.erl"},{line,239}]},
                            {test1_SUITE,ms_test,1,
                                [{file,"test1_SUITE.erl"},{line,211}]},
                            {test_server,ts_tc,3,
                                [{file,"test_server.erl"},{line,1783}]},
                            {test_server,run_test_case_eval1,6,
                                [{file,"test_server.erl"},{line,1292}]},
                            {test_server,run_test_case_eval,9,
                                [{file,"test_server.erl"},{line,1224}]}]}, [{erlang,
                                                                             send},
                                                                            {ms,
                                                                             to_slave,
                                                                             19},
                                                                            {test1_SUITE,
                                                                             '-ms_test_common/1-lc$^2/1-1-',
                                                                             239},
                                                                            {test1_SUITE,
                                                                             ms_test_common,
                                                                             239},
                                                                            {test1_SUITE,
                                                                             ms_test,
                                                                             211},
                                                                            {test_server,
                                                                             ts_tc,
                                                                             1783},
                                                                            {test_server,
                                                                             run_test_case_eval1,
                                                                             1292},
                                                                            {test_server,
                                                                             run_test_case_eval,
                                                                             1224}]
=== *** FAILED test case 9 of 21 ***
=case          test1_SUITE:two_proc_test_boundary
=logfile       test1_suite.two_proc_test_boundary.html
=started       2022-08-26 18:00:43
=ended         2022-08-26 18:00:44
=result        ok
=elapsed       1.007364
=case          test1_SUITE:ring_test_boundary
=logfile       test1_suite.ring_test_boundary.html
=started       2022-08-26 18:00:44
=ended         2022-08-26 18:00:45
=result        ok
=elapsed       1.005267
=case          test1_SUITE:star_test_boundary
=logfile       test1_suite.star_test_boundary.html
=started       2022-08-26 18:00:45
=ended         2022-08-26 18:00:46
=result        ok
=elapsed       1.001542
=case          test1_SUITE:ms_test_boundary
=logfile       test1_suite.ms_test_boundary.html
=started       2022-08-26 18:00:46
=ended         2022-08-26 18:00:49
=result        failed: {badarg,
                           [{erlang,send,
                                [master,{"Hi, slave!",1}],
                                [{error_info,#{module => erl_erts_errors}}]},
                            {ms,to_slave,2,[{file,"ms.erl"},{line,19}]},
                            {test1_SUITE,'-ms_test_common/1-lc$^4/1-3-',1,
                                [{file,"test1_SUITE.erl"},{line,248}]},
                            {test1_SUITE,ms_test_common,1,
                                [{file,"test1_SUITE.erl"},{line,248}]},
                            {test1_SUITE,ms_test_boundary,1,
                                [{file,"test1_SUITE.erl"},{line,216}]},
                            {test_server,ts_tc,3,
                                [{file,"test_server.erl"},{line,1783}]},
                            {test_server,run_test_case_eval1,6,
                                [{file,"test_server.erl"},{line,1292}]},
                            {test_server,run_test_case_eval,9,
                                [{file,"test_server.erl"},{line,1224}]}]}, [{erlang,
                                                                             send},
                                                                            {ms,
                                                                             to_slave,
                                                                             19},
                                                                            {test1_SUITE,
                                                                             '-ms_test_common/1-lc$^4/1-3-',
                                                                             248},
                                                                            {test1_SUITE,
                                                                             ms_test_common,
                                                                             248},
                                                                            {test1_SUITE,
                                                                             ms_test_boundary,
                                                                             216},
                                                                            {test_server,
                                                                             ts_tc,
                                                                             1783},
                                                                            {test_server,
                                                                             run_test_case_eval1,
                                                                             1292},
                                                                            {test_server,
                                                                             run_test_case_eval,
                                                                             1224}]
=== *** FAILED test case 13 of 21 ***
=case          ct_framework:end_per_suite
=logfile       ct_framework.end_per_suite.html
=group_props   [{suite,test1_SUITE}]
=started       2022-08-26 18:00:49
=ended         2022-08-26 18:00:49
=result        ok
=elapsed       0.0
=group_time    10.553s
=case          ct_framework:init_per_suite
=logfile       ct_framework.init_per_suite.2.html
=group_props   [{suite,test2_SUITE}]
=started       2022-08-26 18:00:49
=ended         2022-08-26 18:00:49
=result        ok
=elapsed       2.0e-6
=case          test2_SUITE:db_list_test
=logfile       test2_suite.db_list_test.html
=started       2022-08-26 18:00:49
=ended         2022-08-26 18:00:49
=result        ok
=elapsed       0.014765
=case          test2_SUITE:db_record_test
=logfile       test2_suite.db_record_test.html
=started       2022-08-26 18:00:49
=ended         2022-08-26 18:00:49
=result        failed: {{assertEqual,
                            [{module,test2_SUITE},
                             {line,158},
                             {expression,"Module : all_locations ( )"},
                             {expected,["Dzerzhinsk","Moscow","NN"]},
                             {value,["Orion","Intel","Intel"]}]},
                        [{test2_SUITE,db_test,1,
                             [{file,"test2_SUITE.erl"},{line,158}]},
                         {test2_SUITE,db_record_test,1,
                             [{file,"test2_SUITE.erl"},{line,86}]},
                         {test_server,ts_tc,3,
                             [{file,"test_server.erl"},{line,1783}]},
                         {test_server,run_test_case_eval1,6,
                             [{file,"test_server.erl"},{line,1292}]},
                         {test_server,run_test_case_eval,9,
                             [{file,"test_server.erl"},{line,1224}]}]}, [{test2_SUITE,
                                                                          db_test,
                                                                          158},
                                                                         {test2_SUITE,
                                                                          db_record_test,
                                                                          86},
                                                                         {test_server,
                                                                          ts_tc,
                                                                          1783},
                                                                         {test_server,
                                                                          run_test_case_eval1,
                                                                          1292},
                                                                         {test_server,
                                                                          run_test_case_eval,
                                                                          1224}]
=== *** FAILED test case 15 of 21 ***
=case          test2_SUITE:db_ets_test
=logfile       test2_suite.db_ets_test.html
=started       2022-08-26 18:00:49
=ended         2022-08-26 18:00:49
=result        failed: {undef,
                           [{db_ets,start,[],[]},
                            {test2_SUITE,db_test,1,
                                [{file,"test2_SUITE.erl"},{line,105}]},
                            {test2_SUITE,db_ets_test,1,
                                [{file,"test2_SUITE.erl"},{line,91}]},
                            {test_server,ts_tc,3,
                                [{file,"test_server.erl"},{line,1783}]},
                            {test_server,run_test_case_eval1,6,
                                [{file,"test_server.erl"},{line,1292}]},
                            {test_server,run_test_case_eval,9,
                                [{file,"test_server.erl"},{line,1224}]}]}, [{db_ets,
                                                                             start},
                                                                            {test2_SUITE,
                                                                             db_test,
                                                                             105},
                                                                            {test2_SUITE,
                                                                             db_ets_test,
                                                                             91},
                                                                            {test_server,
                                                                             ts_tc,
                                                                             1783},
                                                                            {test_server,
                                                                             run_test_case_eval1,
                                                                             1292},
                                                                            {test_server,
                                                                             run_test_case_eval,
                                                                             1224}]
=== *** FAILED test case 16 of 21 ***
=case          test2_SUITE:db_dets_test
=logfile       test2_suite.db_dets_test.html
=started       2022-08-26 18:00:49
=ended         2022-08-26 18:00:49
=result        failed: {undef,
                           [{db_dets,start,[],[]},
                            {test2_SUITE,db_test,1,
                                [{file,"test2_SUITE.erl"},{line,105}]},
                            {test2_SUITE,db_dets_test,1,
                                [{file,"test2_SUITE.erl"},{line,96}]},
                            {test_server,ts_tc,3,
                                [{file,"test_server.erl"},{line,1783}]},
                            {test_server,run_test_case_eval1,6,
                                [{file,"test_server.erl"},{line,1292}]},
                            {test_server,run_test_case_eval,9,
                                [{file,"test_server.erl"},{line,1224}]}]}, [{db_dets,
                                                                             start},
                                                                            {test2_SUITE,
                                                                             db_test,
                                                                             105},
                                                                            {test2_SUITE,
                                                                             db_dets_test,
                                                                             96},
                                                                            {test_server,
                                                                             ts_tc,
                                                                             1783},
                                                                            {test_server,
                                                                             run_test_case_eval1,
                                                                             1292},
                                                                            {test_server,
                                                                             run_test_case_eval,
                                                                             1224}]
=== *** FAILED test case 17 of 21 ***
=case          test2_SUITE:funs_test
=logfile       test2_suite.funs_test.html
=started       2022-08-26 18:00:49
=ended         2022-08-26 18:00:49
=result        failed: {undef,
                           [{funs,llen,[[[],[1,2,3],[a,v,d,s,s]]],[]},
                            {test2_SUITE,funs_test,1,
                                [{file,"test2_SUITE.erl"},{line,183}]},
                            {test_server,ts_tc,3,
                                [{file,"test_server.erl"},{line,1783}]},
                            {test_server,run_test_case_eval1,6,
                                [{file,"test_server.erl"},{line,1292}]},
                            {test_server,run_test_case_eval,9,
                                [{file,"test_server.erl"},{line,1224}]}]}, [{funs,
                                                                             llen},
                                                                            {test2_SUITE,
                                                                             funs_test,
                                                                             183},
                                                                            {test_server,
                                                                             ts_tc,
                                                                             1783},
                                                                            {test_server,
                                                                             run_test_case_eval1,
                                                                             1292},
                                                                            {test_server,
                                                                             run_test_case_eval,
                                                                             1224}]
=== *** FAILED test case 18 of 21 ***
=case          test2_SUITE:lc_test
=logfile       test2_suite.lc_test.html
=started       2022-08-26 18:00:49
=ended         2022-08-26 18:00:49
=result        failed: {undef,
                           [{lc,atoms,[[{hello,1},3,ernie,[a,b,c],burt]],[]},
                            {test2_SUITE,lc_test,1,
                                [{file,"test2_SUITE.erl"},{line,203}]},
                            {test_server,ts_tc,3,
                                [{file,"test_server.erl"},{line,1783}]},
                            {test_server,run_test_case_eval1,6,
                                [{file,"test_server.erl"},{line,1292}]},
                            {test_server,run_test_case_eval,9,
                                [{file,"test_server.erl"},{line,1224}]}]}, [{lc,
                                                                             atoms},
                                                                            {test2_SUITE,
                                                                             lc_test,
                                                                             203},
                                                                            {test_server,
                                                                             ts_tc,
                                                                             1783},
                                                                            {test_server,
                                                                             run_test_case_eval1,
                                                                             1292},
                                                                            {test_server,
                                                                             run_test_case_eval,
                                                                             1224}]
=== *** FAILED test case 19 of 21 ***
=case          test2_SUITE:db_distr_test
=logfile       test2_suite.db_distr_test.html
=started       2022-08-26 18:00:49
=ended         2022-08-26 18:00:50
=result        failed: {undef,
                           [{db_distr,all_names,[],[]},
                            {test2_SUITE,check_connection_to_db,0,
                                [{file,"test2_SUITE.erl"},{line,264}]},
                            {test2_SUITE,db_distr_test,1,
                                [{file,"test2_SUITE.erl"},{line,290}]},
                            {test_server,ts_tc,3,
                                [{file,"test_server.erl"},{line,1783}]},
                            {test_server,run_test_case_eval1,6,
                                [{file,"test_server.erl"},{line,1292}]},
                            {test_server,run_test_case_eval,9,
                                [{file,"test_server.erl"},{line,1224}]}]}, [{db_distr,
                                                                             all_names},
                                                                            {test2_SUITE,
                                                                             check_connection_to_db,
                                                                             264},
                                                                            {test2_SUITE,
                                                                             db_distr_test,
                                                                             290},
                                                                            {test_server,
                                                                             ts_tc,
                                                                             1783},
                                                                            {test_server,
                                                                             run_test_case_eval1,
                                                                             1292},
                                                                            {test_server,
                                                                             run_test_case_eval,
                                                                             1224}]
=== *** FAILED test case 20 of 21 ***
=case          test2_SUITE:db_distr_robust_test
=logfile       test2_suite.db_distr_robust_test.html
=started       2022-08-26 18:00:50
=ended         2022-08-26 18:00:50
=result        failed: {undef,
                           [{db_distr,all_names,[],[]},
                            {test2_SUITE,db_distr_robust_test,1,
                                [{file,"test2_SUITE.erl"},{line,308}]},
                            {test_server,ts_tc,3,
                                [{file,"test_server.erl"},{line,1783}]},
                            {test_server,run_test_case_eval1,6,
                                [{file,"test_server.erl"},{line,1292}]},
                            {test_server,run_test_case_eval,9,
                                [{file,"test_server.erl"},{line,1224}]}]}, [{db_distr,
                                                                             all_names},
                                                                            {test2_SUITE,
                                                                             db_distr_robust_test,
                                                                             308},
                                                                            {test_server,
                                                                             ts_tc,
                                                                             1783},
                                                                            {test_server,
                                                                             run_test_case_eval1,
                                                                             1292},
                                                                            {test_server,
                                                                             run_test_case_eval,
                                                                             1224}]
=== *** FAILED test case 21 of 21 ***
=case          ct_framework:end_per_suite
=logfile       ct_framework.end_per_suite.66.html
=group_props   [{suite,test2_SUITE}]
=started       2022-08-26 18:00:50
=ended         2022-08-26 18:00:50
=result        ok
=elapsed       1.0e-6
=group_time    1.469s
=== TEST COMPLETE, 12 ok, 9 failed of 21 test cases

=finished      2022-08-26 18:00:50
=failed        9
=successful    12
=user_skipped  0
=auto_skipped  0
