=== Suite started at 2022-08-23 15:03:40
=== Starting test, 13 test cases
=cases         13
=user          iaroslav
=host          RSM3535
=hosts         RSM3535 
=emulator_vsn  10.6.4
=emulator      beam
=otp_release   22
=started       2022-08-23 15:03:40
=case          ct_framework:init_per_suite
=logfile       ct_framework.init_per_suite.html
=group_props   [{suite,test1_SUITE}]
=started       2022-08-23 15:03:40
=ended         2022-08-23 15:03:41
=result        ok
=elapsed       0.0
=case          test1_SUITE:demo_test
=logfile       test1_suite.demo_test.html
=started       2022-08-23 15:03:41
=ended         2022-08-23 15:03:41
=result        ok
=elapsed       0.001775
=case          test1_SUITE:temp_test
=logfile       test1_suite.temp_test.html
=started       2022-08-23 15:03:41
=ended         2022-08-23 15:03:41
=result        ok
=elapsed       6.63e-4
=case          test1_SUITE:mathStuff_test
=logfile       test1_suite.mathstuff_test.html
=started       2022-08-23 15:03:41
=ended         2022-08-23 15:03:41
=result        ok
=elapsed       6.77e-4
=case          test1_SUITE:lists1_test
=logfile       test1_suite.lists1_test.html
=started       2022-08-23 15:03:41
=ended         2022-08-23 15:03:41
=result        ok
=elapsed       6.06e-4
=case          test1_SUITE:time_test
=logfile       test1_suite.time_test.html
=started       2022-08-23 15:03:41
=ended         2022-08-23 15:03:41
=result        ok
=elapsed       6.41e-4
=case          test1_SUITE:two_proc_test
=logfile       test1_suite.two_proc_test.html
=started       2022-08-23 15:03:41
=ended         2022-08-23 15:03:42
=result        ok
=elapsed       1.002386
=case          test1_SUITE:ring_test
=logfile       test1_suite.ring_test.html
=started       2022-08-23 15:03:42
=ended         2022-08-23 15:03:43
=result        failed: {{assertEqual,[{module,test1_SUITE},
                                      {line,163},
                                      {expression,"is_process_alive ( Pid )"},
                                      {expected,false},
                                      {value,true}]},
                        [{test1_SUITE,'-ring_test_common/2-fun-2-',1,
                                      [{file,"test1_SUITE.erl"},{line,163}]},
                         {lists,foreach,2,[{file,"lists.erl"},{line,1338}]},
                         {test1_SUITE,ring_test_common,2,
                                      [{file,"test1_SUITE.erl"},{line,162}]},
                         {test1_SUITE,ring_test,1,
                                      [{file,"test1_SUITE.erl"},{line,125}]},
                         {test_server,ts_tc,3,
                                      [{file,"test_server.erl"},{line,1754}]},
                         {test_server,run_test_case_eval1,6,
                                      [{file,"test_server.erl"},{line,1263}]},
                         {test_server,run_test_case_eval,9,
                                      [{file,"test_server.erl"},
                                       {line,1195}]}]}, [{test1_SUITE,
                                                          '-ring_test_common/2-fun-2-',
                                                          163},
                                                         {lists,foreach,1338},
                                                         {test1_SUITE,
                                                          ring_test_common,
                                                          162},
                                                         {test1_SUITE,
                                                          ring_test,125},
                                                         {test_server,ts_tc,
                                                          1754},
                                                         {test_server,
                                                          run_test_case_eval1,
                                                          1263},
                                                         {test_server,
                                                          run_test_case_eval,
                                                          1195}]
=== *** FAILED test case 7 of 13 ***
=case          test1_SUITE:star_test
=logfile       test1_suite.star_test.html
=started       2022-08-23 15:03:43
=ended         2022-08-23 15:03:44
=result        ok
=elapsed       1.001643
=case          test1_SUITE:ms_test
=logfile       test1_suite.ms_test.html
=started       2022-08-23 15:03:44
=ended         2022-08-23 15:03:44
=result        failed: {badarg,
                           [{ms,to_slave,2,[{file,"ms.erl"},{line,16}]},
                            {test1_SUITE,'-ms_test_common/1-lc$^1/1-0-',1,
                                [{file,"test1_SUITE.erl"},{line,227}]},
                            {test1_SUITE,ms_test_common,1,
                                [{file,"test1_SUITE.erl"},{line,227}]},
                            {test1_SUITE,ms_test,1,
                                [{file,"test1_SUITE.erl"},{line,211}]},
                            {test_server,ts_tc,3,
                                [{file,"test_server.erl"},{line,1754}]},
                            {test_server,run_test_case_eval1,6,
                                [{file,"test_server.erl"},{line,1263}]},
                            {test_server,run_test_case_eval,9,
                                [{file,"test_server.erl"},{line,1195}]}]}, [{ms,
                                                                             to_slave,
                                                                             16},
                                                                            {test1_SUITE,
                                                                             '-ms_test_common/1-lc$^1/1-0-',
                                                                             227},
                                                                            {test1_SUITE,
                                                                             ms_test_common,
                                                                             227},
                                                                            {test1_SUITE,
                                                                             ms_test,
                                                                             211},
                                                                            {test_server,
                                                                             ts_tc,
                                                                             1754},
                                                                            {test_server,
                                                                             run_test_case_eval1,
                                                                             1263},
                                                                            {test_server,
                                                                             run_test_case_eval,
                                                                             1195}]
=== *** FAILED test case 9 of 13 ***
=case          test1_SUITE:two_proc_test_boundary
=logfile       test1_suite.two_proc_test_boundary.html
=started       2022-08-23 15:03:44
=ended         2022-08-23 15:03:45
=result        ok
=elapsed       1.001563
=case          test1_SUITE:ring_test_boundary
=logfile       test1_suite.ring_test_boundary.html
=started       2022-08-23 15:03:45
=ended         2022-08-23 15:03:46
=result        ok
=elapsed       1.001871
=case          test1_SUITE:star_test_boundary
=logfile       test1_suite.star_test_boundary.html
=started       2022-08-23 15:03:46
=ended         2022-08-23 15:03:47
=result        ok
=elapsed       1.001521
=case          test1_SUITE:ms_test_boundary
=logfile       test1_suite.ms_test_boundary.html
=started       2022-08-23 15:03:47
=ended         2022-08-23 15:03:47
=result        failed: {badarg,
                           [{ms,to_slave,2,[{file,"ms.erl"},{line,16}]},
                            {test1_SUITE,'-ms_test_common/1-lc$^1/1-0-',1,
                                [{file,"test1_SUITE.erl"},{line,227}]},
                            {test1_SUITE,ms_test_common,1,
                                [{file,"test1_SUITE.erl"},{line,227}]},
                            {test1_SUITE,ms_test_boundary,1,
                                [{file,"test1_SUITE.erl"},{line,216}]},
                            {test_server,ts_tc,3,
                                [{file,"test_server.erl"},{line,1754}]},
                            {test_server,run_test_case_eval1,6,
                                [{file,"test_server.erl"},{line,1263}]},
                            {test_server,run_test_case_eval,9,
                                [{file,"test_server.erl"},{line,1195}]}]}, [{ms,
                                                                             to_slave,
                                                                             16},
                                                                            {test1_SUITE,
                                                                             '-ms_test_common/1-lc$^1/1-0-',
                                                                             227},
                                                                            {test1_SUITE,
                                                                             ms_test_common,
                                                                             227},
                                                                            {test1_SUITE,
                                                                             ms_test_boundary,
                                                                             216},
                                                                            {test_server,
                                                                             ts_tc,
                                                                             1754},
                                                                            {test_server,
                                                                             run_test_case_eval1,
                                                                             1263},
                                                                            {test_server,
                                                                             run_test_case_eval,
                                                                             1195}]
=== *** FAILED test case 13 of 13 ***
=case          ct_framework:end_per_suite
=logfile       ct_framework.end_per_suite.html
=group_props   [{suite,test1_SUITE}]
=started       2022-08-23 15:03:47
=ended         2022-08-23 15:03:47
=result        ok
=elapsed       0.0
=group_time    6.357s
=== TEST COMPLETE, 10 ok, 3 failed of 13 test cases

=finished      2022-08-23 15:03:47
=failed        3
=successful    10
=user_skipped  0
=auto_skipped  0
