=== Suite started at 2022-08-26 10:40:40
=== Starting test, 21 test cases
=cases         21
=user          iaroslav
=host          RSM3535
=hosts         RSM3535 
=emulator_vsn  10.6.4
=emulator      beam
=otp_release   22
=started       2022-08-26 10:40:40
=case          ct_framework:init_per_suite
=logfile       ct_framework.init_per_suite.html
=group_props   [{suite,test1_SUITE}]
=started       2022-08-26 10:40:40
=ended         2022-08-26 10:40:40
=result        ok
=elapsed       0.0
=case          test1_SUITE:demo_test
=logfile       test1_suite.demo_test.html
=started       2022-08-26 10:40:40
=ended         2022-08-26 10:40:40
=result        ok
=elapsed       0.002363
=case          test1_SUITE:temp_test
=logfile       test1_suite.temp_test.html
=started       2022-08-26 10:40:40
=ended         2022-08-26 10:40:40
=result        ok
=elapsed       6.71e-4
=case          test1_SUITE:mathStuff_test
=logfile       test1_suite.mathstuff_test.html
=started       2022-08-26 10:40:40
=ended         2022-08-26 10:40:40
=result        ok
=elapsed       6.79e-4
=case          test1_SUITE:lists1_test
=logfile       test1_suite.lists1_test.html
=started       2022-08-26 10:40:40
=ended         2022-08-26 10:40:40
=result        ok
=elapsed       5.78e-4
=case          test1_SUITE:time_test
=logfile       test1_suite.time_test.html
=started       2022-08-26 10:40:40
=ended         2022-08-26 10:40:40
=result        ok
=elapsed       6.28e-4
=case          test1_SUITE:two_proc_test
=logfile       test1_suite.two_proc_test.html
=started       2022-08-26 10:40:40
=ended         2022-08-26 10:40:41
=result        ok
=elapsed       1.002888
=case          test1_SUITE:ring_test
=logfile       test1_suite.ring_test.html
=started       2022-08-26 10:40:41
=ended         2022-08-26 10:40:42
=result        ok
=elapsed       1.002552
=case          test1_SUITE:star_test
=logfile       test1_suite.star_test.html
=started       2022-08-26 10:40:42
=ended         2022-08-26 10:40:43
=result        ok
=elapsed       1.002365
=case          test1_SUITE:ms_test
=logfile       test1_suite.ms_test.html
=started       2022-08-26 10:40:43
=ended         2022-08-26 10:40:45
=result        failed: {badarg,
                           [{ms,to_slave,2,[{file,"ms.erl"},{line,19}]},
                            {test1_SUITE,'-ms_test_common/1-lc$^2/1-1-',1,
                                [{file,"test1_SUITE.erl"},{line,239}]},
                            {test1_SUITE,ms_test_common,1,
                                [{file,"test1_SUITE.erl"},{line,239}]},
                            {test1_SUITE,ms_test,1,
                                [{file,"test1_SUITE.erl"},{line,211}]},
                            {test_server,ts_tc,3,
                                [{file,"test_server.erl"},{line,1754}]},
                            {test_server,run_test_case_eval1,6,
                                [{file,"test_server.erl"},{line,1263}]},
                            {test_server,run_test_case_eval,9,
                                [{file,"test_server.erl"},{line,1195}]}]}, [{ms,
                                                                             to_slave,
                                                                             19},
                                                                            {test1_SUITE,
                                                                             '-ms_test_common/1-lc$^2/1-1-',
                                                                             239},
                                                                            {test1_SUITE,
                                                                             ms_test_common,
                                                                             239},
                                                                            {test1_SUITE,
                                                                             ms_test,
                                                                             211},
                                                                            {test_server,
                                                                             ts_tc,
                                                                             1754},
                                                                            {test_server,
                                                                             run_test_case_eval1,
                                                                             1263},
                                                                            {test_server,
                                                                             run_test_case_eval,
                                                                             1195}]
=== *** FAILED test case 9 of 21 ***
=case          test1_SUITE:two_proc_test_boundary
=logfile       test1_suite.two_proc_test_boundary.html
=started       2022-08-26 10:40:45
=ended         2022-08-26 10:40:46
=result        ok
=elapsed       1.002361
=case          test1_SUITE:ring_test_boundary
=logfile       test1_suite.ring_test_boundary.html
=started       2022-08-26 10:40:46
=ended         2022-08-26 10:40:47
=result        ok
=elapsed       1.002293
=case          test1_SUITE:star_test_boundary
=logfile       test1_suite.star_test_boundary.html
=started       2022-08-26 10:40:47
=ended         2022-08-26 10:40:48
=result        ok
=elapsed       1.00251
=case          test1_SUITE:ms_test_boundary
=logfile       test1_suite.ms_test_boundary.html
=started       2022-08-26 10:40:48
=ended         2022-08-26 10:40:50
=result        failed: {badarg,
                           [{ms,to_slave,2,[{file,"ms.erl"},{line,19}]},
                            {test1_SUITE,'-ms_test_common/1-lc$^4/1-3-',1,
                                [{file,"test1_SUITE.erl"},{line,248}]},
                            {test1_SUITE,ms_test_common,1,
                                [{file,"test1_SUITE.erl"},{line,248}]},
                            {test1_SUITE,ms_test_boundary,1,
                                [{file,"test1_SUITE.erl"},{line,216}]},
                            {test_server,ts_tc,3,
                                [{file,"test_server.erl"},{line,1754}]},
                            {test_server,run_test_case_eval1,6,
                                [{file,"test_server.erl"},{line,1263}]},
                            {test_server,run_test_case_eval,9,
                                [{file,"test_server.erl"},{line,1195}]}]}, [{ms,
                                                                             to_slave,
                                                                             19},
                                                                            {test1_SUITE,
                                                                             '-ms_test_common/1-lc$^4/1-3-',
                                                                             248},
                                                                            {test1_SUITE,
                                                                             ms_test_common,
                                                                             248},
                                                                            {test1_SUITE,
                                                                             ms_test_boundary,
                                                                             216},
                                                                            {test_server,
                                                                             ts_tc,
                                                                             1754},
                                                                            {test_server,
                                                                             run_test_case_eval1,
                                                                             1263},
                                                                            {test_server,
                                                                             run_test_case_eval,
                                                                             1195}]
=== *** FAILED test case 13 of 21 ***
=case          ct_framework:end_per_suite
=logfile       ct_framework.end_per_suite.html
=group_props   [{suite,test1_SUITE}]
=started       2022-08-26 10:40:50
=ended         2022-08-26 10:40:50
=result        ok
=elapsed       1.0e-6
=group_time    10.371s
=case          ct_framework:init_per_suite
=logfile       ct_framework.init_per_suite.2.html
=group_props   [{suite,test2_SUITE}]
=started       2022-08-26 10:40:50
=ended         2022-08-26 10:40:50
=result        ok
=elapsed       0.0
=case          test2_SUITE:db_list_test
=logfile       test2_suite.db_list_test.html
=started       2022-08-26 10:40:50
=ended         2022-08-26 10:40:50
=result        failed: {{assertEqual,[{module,test2_SUITE},
                                      {line,26},
                                      {expression,"db_list : start ( )"},
                                      {expected,ok},
                                      {value,true}]},
                        [{test2_SUITE,'-db_list_test/1-fun-0-',0,
                                      [{file,"test2_SUITE.erl"},{line,26}]},
                         {test2_SUITE,db_list_test,1,
                                      [{file,"test2_SUITE.erl"},{line,26}]},
                         {test_server,ts_tc,3,
                                      [{file,"test_server.erl"},{line,1754}]},
                         {test_server,run_test_case_eval1,6,
                                      [{file,"test_server.erl"},{line,1263}]},
                         {test_server,run_test_case_eval,9,
                                      [{file,"test_server.erl"},
                                       {line,1195}]}]}, [{test2_SUITE,
                                                          '-db_list_test/1-fun-0-',
                                                          26},
                                                         {test2_SUITE,
                                                          db_list_test,26},
                                                         {test_server,ts_tc,
                                                          1754},
                                                         {test_server,
                                                          run_test_case_eval1,
                                                          1263},
                                                         {test_server,
                                                          run_test_case_eval,
                                                          1195}]
=== *** FAILED test case 14 of 21 ***
=case          test2_SUITE:db_record_test
=logfile       test2_suite.db_record_test.html
=started       2022-08-26 10:40:50
=ended         2022-08-26 10:40:50
=result        failed: {undef,
                           [{db_record,start,[],[]},
                            {test2_SUITE,'-db_test/1-fun-0-',1,
                                [{file,"test2_SUITE.erl"},{line,105}]},
                            {test2_SUITE,db_test,1,
                                [{file,"test2_SUITE.erl"},{line,105}]},
                            {test2_SUITE,db_record_test,1,
                                [{file,"test2_SUITE.erl"},{line,86}]},
                            {test_server,ts_tc,3,
                                [{file,"test_server.erl"},{line,1754}]},
                            {test_server,run_test_case_eval1,6,
                                [{file,"test_server.erl"},{line,1263}]},
                            {test_server,run_test_case_eval,9,
                                [{file,"test_server.erl"},{line,1195}]}]}, [{db_record,
                                                                             start},
                                                                            {test2_SUITE,
                                                                             '-db_test/1-fun-0-',
                                                                             105},
                                                                            {test2_SUITE,
                                                                             db_test,
                                                                             105},
                                                                            {test2_SUITE,
                                                                             db_record_test,
                                                                             86},
                                                                            {test_server,
                                                                             ts_tc,
                                                                             1754},
                                                                            {test_server,
                                                                             run_test_case_eval1,
                                                                             1263},
                                                                            {test_server,
                                                                             run_test_case_eval,
                                                                             1195}]
=== *** FAILED test case 15 of 21 ***
=case          test2_SUITE:db_ets_test
=logfile       test2_suite.db_ets_test.html
=started       2022-08-26 10:40:50
=ended         2022-08-26 10:40:50
=result        failed: {undef,
                           [{db_ets,start,[],[]},
                            {test2_SUITE,'-db_test/1-fun-0-',1,
                                [{file,"test2_SUITE.erl"},{line,105}]},
                            {test2_SUITE,db_test,1,
                                [{file,"test2_SUITE.erl"},{line,105}]},
                            {test2_SUITE,db_ets_test,1,
                                [{file,"test2_SUITE.erl"},{line,91}]},
                            {test_server,ts_tc,3,
                                [{file,"test_server.erl"},{line,1754}]},
                            {test_server,run_test_case_eval1,6,
                                [{file,"test_server.erl"},{line,1263}]},
                            {test_server,run_test_case_eval,9,
                                [{file,"test_server.erl"},{line,1195}]}]}, [{db_ets,
                                                                             start},
                                                                            {test2_SUITE,
                                                                             '-db_test/1-fun-0-',
                                                                             105},
                                                                            {test2_SUITE,
                                                                             db_test,
                                                                             105},
                                                                            {test2_SUITE,
                                                                             db_ets_test,
                                                                             91},
                                                                            {test_server,
                                                                             ts_tc,
                                                                             1754},
                                                                            {test_server,
                                                                             run_test_case_eval1,
                                                                             1263},
                                                                            {test_server,
                                                                             run_test_case_eval,
                                                                             1195}]
=== *** FAILED test case 16 of 21 ***
=case          test2_SUITE:db_dets_test
=logfile       test2_suite.db_dets_test.html
=started       2022-08-26 10:40:50
=ended         2022-08-26 10:40:50
=result        failed: {undef,
                           [{db_dets,start,[],[]},
                            {test2_SUITE,'-db_test/1-fun-0-',1,
                                [{file,"test2_SUITE.erl"},{line,105}]},
                            {test2_SUITE,db_test,1,
                                [{file,"test2_SUITE.erl"},{line,105}]},
                            {test2_SUITE,db_dets_test,1,
                                [{file,"test2_SUITE.erl"},{line,96}]},
                            {test_server,ts_tc,3,
                                [{file,"test_server.erl"},{line,1754}]},
                            {test_server,run_test_case_eval1,6,
                                [{file,"test_server.erl"},{line,1263}]},
                            {test_server,run_test_case_eval,9,
                                [{file,"test_server.erl"},{line,1195}]}]}, [{db_dets,
                                                                             start},
                                                                            {test2_SUITE,
                                                                             '-db_test/1-fun-0-',
                                                                             105},
                                                                            {test2_SUITE,
                                                                             db_test,
                                                                             105},
                                                                            {test2_SUITE,
                                                                             db_dets_test,
                                                                             96},
                                                                            {test_server,
                                                                             ts_tc,
                                                                             1754},
                                                                            {test_server,
                                                                             run_test_case_eval1,
                                                                             1263},
                                                                            {test_server,
                                                                             run_test_case_eval,
                                                                             1195}]
=== *** FAILED test case 17 of 21 ***
=case          test2_SUITE:funs_test
=logfile       test2_suite.funs_test.html
=started       2022-08-26 10:40:50
=ended         2022-08-26 10:40:50
=result        failed: {undef,
                           [{funs,llen,[[[],[1,2,3],[a,v,d,s,s]]],[]},
                            {test2_SUITE,'-funs_test/1-fun-0-',0,
                                [{file,"test2_SUITE.erl"},{line,183}]},
                            {test2_SUITE,funs_test,1,
                                [{file,"test2_SUITE.erl"},{line,183}]},
                            {test_server,ts_tc,3,
                                [{file,"test_server.erl"},{line,1754}]},
                            {test_server,run_test_case_eval1,6,
                                [{file,"test_server.erl"},{line,1263}]},
                            {test_server,run_test_case_eval,9,
                                [{file,"test_server.erl"},{line,1195}]}]}, [{funs,
                                                                             llen},
                                                                            {test2_SUITE,
                                                                             '-funs_test/1-fun-0-',
                                                                             183},
                                                                            {test2_SUITE,
                                                                             funs_test,
                                                                             183},
                                                                            {test_server,
                                                                             ts_tc,
                                                                             1754},
                                                                            {test_server,
                                                                             run_test_case_eval1,
                                                                             1263},
                                                                            {test_server,
                                                                             run_test_case_eval,
                                                                             1195}]
=== *** FAILED test case 18 of 21 ***
=case          test2_SUITE:lc_test
=logfile       test2_suite.lc_test.html
=started       2022-08-26 10:40:50
=ended         2022-08-26 10:40:50
=result        failed: {undef,
                           [{lc,atoms,[[{hello,1},3,ernie,[a,b,c],burt]],[]},
                            {test2_SUITE,'-lc_test/1-fun-0-',0,
                                [{file,"test2_SUITE.erl"},{line,203}]},
                            {test2_SUITE,lc_test,1,
                                [{file,"test2_SUITE.erl"},{line,203}]},
                            {test_server,ts_tc,3,
                                [{file,"test_server.erl"},{line,1754}]},
                            {test_server,run_test_case_eval1,6,
                                [{file,"test_server.erl"},{line,1263}]},
                            {test_server,run_test_case_eval,9,
                                [{file,"test_server.erl"},{line,1195}]}]}, [{lc,
                                                                             atoms},
                                                                            {test2_SUITE,
                                                                             '-lc_test/1-fun-0-',
                                                                             203},
                                                                            {test2_SUITE,
                                                                             lc_test,
                                                                             203},
                                                                            {test_server,
                                                                             ts_tc,
                                                                             1754},
                                                                            {test_server,
                                                                             run_test_case_eval1,
                                                                             1263},
                                                                            {test_server,
                                                                             run_test_case_eval,
                                                                             1195}]
=== *** FAILED test case 19 of 21 ***
=case          test2_SUITE:db_distr_test
=logfile       test2_suite.db_distr_test.html
=started       2022-08-26 10:40:50
=ended         2022-08-26 10:40:51
=result        failed: {undef,
                           [{db_distr,all_names,[],[]},
                            {test2_SUITE,check_connection_to_db,0,
                                [{file,"test2_SUITE.erl"},{line,264}]},
                            {test2_SUITE,db_distr_test,1,
                                [{file,"test2_SUITE.erl"},{line,290}]},
                            {test_server,ts_tc,3,
                                [{file,"test_server.erl"},{line,1754}]},
                            {test_server,run_test_case_eval1,6,
                                [{file,"test_server.erl"},{line,1263}]},
                            {test_server,run_test_case_eval,9,
                                [{file,"test_server.erl"},{line,1195}]}]}, [{db_distr,
                                                                             all_names},
                                                                            {test2_SUITE,
                                                                             check_connection_to_db,
                                                                             264},
                                                                            {test2_SUITE,
                                                                             db_distr_test,
                                                                             290},
                                                                            {test_server,
                                                                             ts_tc,
                                                                             1754},
                                                                            {test_server,
                                                                             run_test_case_eval1,
                                                                             1263},
                                                                            {test_server,
                                                                             run_test_case_eval,
                                                                             1195}]
=== *** FAILED test case 20 of 21 ***
=case          test2_SUITE:db_distr_robust_test
=logfile       test2_suite.db_distr_robust_test.html
=started       2022-08-26 10:40:51
=ended         2022-08-26 10:40:51
=result        failed: {undef,
                           [{db_distr,all_names,[],[]},
                            {test2_SUITE,db_distr_robust_test,1,
                                [{file,"test2_SUITE.erl"},{line,308}]},
                            {test_server,ts_tc,3,
                                [{file,"test_server.erl"},{line,1754}]},
                            {test_server,run_test_case_eval1,6,
                                [{file,"test_server.erl"},{line,1263}]},
                            {test_server,run_test_case_eval,9,
                                [{file,"test_server.erl"},{line,1195}]}]}, [{db_distr,
                                                                             all_names},
                                                                            {test2_SUITE,
                                                                             db_distr_robust_test,
                                                                             308},
                                                                            {test_server,
                                                                             ts_tc,
                                                                             1754},
                                                                            {test_server,
                                                                             run_test_case_eval1,
                                                                             1263},
                                                                            {test_server,
                                                                             run_test_case_eval,
                                                                             1195}]
=== *** FAILED test case 21 of 21 ***
=case          ct_framework:end_per_suite
=logfile       ct_framework.end_per_suite.130.html
=group_props   [{suite,test2_SUITE}]
=started       2022-08-26 10:40:51
=ended         2022-08-26 10:40:51
=result        ok
=elapsed       0.0
=group_time    1.255s
=== TEST COMPLETE, 11 ok, 10 failed of 21 test cases

=finished      2022-08-26 10:40:51
=failed        10
=successful    11
=user_skipped  0
=auto_skipped  0
