=== Suite started at 2022-08-23 13:42:52
=== Starting test, 25 test cases
=cases         25
=user          iaroslav
=host          RSM3535
=hosts         RSM3535 
=emulator_vsn  10.6.4
=emulator      beam
=otp_release   22
=started       2022-08-23 13:42:52
=case          ct_framework:init_per_suite
=logfile       ct_framework.init_per_suite.html
=group_props   [{suite,test1_SUITE}]
=started       2022-08-23 13:42:52
=ended         2022-08-23 13:42:52
=result        ok
=elapsed       0.0
=case          test1_SUITE:demo_test
=logfile       test1_suite.demo_test.html
=started       2022-08-23 13:42:52
=ended         2022-08-23 13:42:52
=result        ok
=elapsed       0.002003
=case          test1_SUITE:temp_test
=logfile       test1_suite.temp_test.html
=started       2022-08-23 13:42:52
=ended         2022-08-23 13:42:52
=result        failed: {{assert,[{module,test1_SUITE},
                                 {line,42},
                                 {expression,"temp : f2c ( 248 ) == 120"},
                                 {expected,true},
                                 {value,false}]},
                        [{test1_SUITE,'-temp_test/1-fun-0-',0,
                                      [{file,"test1_SUITE.erl"},{line,42}]},
                         {test1_SUITE,temp_test,1,
                                      [{file,"test1_SUITE.erl"},{line,42}]},
                         {test_server,ts_tc,3,
                                      [{file,"test_server.erl"},{line,1754}]},
                         {test_server,run_test_case_eval1,6,
                                      [{file,"test_server.erl"},{line,1263}]},
                         {test_server,run_test_case_eval,9,
                                      [{file,"test_server.erl"},
                                       {line,1195}]}]}, [{test1_SUITE,
                                                          '-temp_test/1-fun-0-',
                                                          42},
                                                         {test1_SUITE,
                                                          temp_test,42},
                                                         {test_server,ts_tc,
                                                          1754},
                                                         {test_server,
                                                          run_test_case_eval1,
                                                          1263},
                                                         {test_server,
                                                          run_test_case_eval,
                                                          1195}]
=== *** FAILED test case 2 of 25 ***
=case          test1_SUITE:mathStuff_test
=logfile       test1_suite.mathstuff_test.html
=started       2022-08-23 13:42:52
=ended         2022-08-23 13:42:52
=result        failed: {undef,
                           [{mathStuff,perimeter,[{square,3}],[]},
                            {test1_SUITE,'-mathStuff_test/1-fun-0-',0,
                                [{file,"test1_SUITE.erl"},{line,56}]},
                            {test1_SUITE,mathStuff_test,1,
                                [{file,"test1_SUITE.erl"},{line,56}]},
                            {test_server,ts_tc,3,
                                [{file,"test_server.erl"},{line,1754}]},
                            {test_server,run_test_case_eval1,6,
                                [{file,"test_server.erl"},{line,1263}]},
                            {test_server,run_test_case_eval,9,
                                [{file,"test_server.erl"},{line,1195}]}]}, [{mathStuff,
                                                                             perimeter},
                                                                            {test1_SUITE,
                                                                             '-mathStuff_test/1-fun-0-',
                                                                             56},
                                                                            {test1_SUITE,
                                                                             mathStuff_test,
                                                                             56},
                                                                            {test_server,
                                                                             ts_tc,
                                                                             1754},
                                                                            {test_server,
                                                                             run_test_case_eval1,
                                                                             1263},
                                                                            {test_server,
                                                                             run_test_case_eval,
                                                                             1195}]
=== *** FAILED test case 3 of 25 ***
=case          test1_SUITE:lists1_test
=logfile       test1_suite.lists1_test.html
=started       2022-08-23 13:42:52
=ended         2022-08-23 13:42:52
=result        failed: {undef,
                           [{lists1,min,[[5]],[]},
                            {test1_SUITE,'-lists1_test/1-fun-0-',0,
                                [{file,"test1_SUITE.erl"},{line,63}]},
                            {test1_SUITE,lists1_test,1,
                                [{file,"test1_SUITE.erl"},{line,63}]},
                            {test_server,ts_tc,3,
                                [{file,"test_server.erl"},{line,1754}]},
                            {test_server,run_test_case_eval1,6,
                                [{file,"test_server.erl"},{line,1263}]},
                            {test_server,run_test_case_eval,9,
                                [{file,"test_server.erl"},{line,1195}]}]}, [{lists1,
                                                                             min},
                                                                            {test1_SUITE,
                                                                             '-lists1_test/1-fun-0-',
                                                                             63},
                                                                            {test1_SUITE,
                                                                             lists1_test,
                                                                             63},
                                                                            {test_server,
                                                                             ts_tc,
                                                                             1754},
                                                                            {test_server,
                                                                             run_test_case_eval1,
                                                                             1263},
                                                                            {test_server,
                                                                             run_test_case_eval,
                                                                             1195}]
=== *** FAILED test case 4 of 25 ***
=case          test1_SUITE:time_test
=logfile       test1_suite.time_test.html
=started       2022-08-23 13:42:52
=ended         2022-08-23 13:42:53
=result        ok
=elapsed       1.65e-4
=case          test1_SUITE:two_proc_test
=logfile       test1_suite.two_proc_test.html
=started       2022-08-23 13:42:53
=ended         2022-08-23 13:42:53
=result        failed: {test_case_failed,
                           "Please rename module as 'two_proc' to proceed the test"}, [{test1_SUITE,
                                                                                        two_proc_test_common,
                                                                                        95},
                                                                                       {test1_SUITE,
                                                                                        two_proc_test,
                                                                                        81},
                                                                                       {test_server,
                                                                                        ts_tc,
                                                                                        1754},
                                                                                       {test_server,
                                                                                        run_test_case_eval1,
                                                                                        1263},
                                                                                       {test_server,
                                                                                        run_test_case_eval,
                                                                                        1195}]
=== *** FAILED test case 6 of 25 ***
=case          test1_SUITE:ring_test
=logfile       test1_suite.ring_test.html
=started       2022-08-23 13:42:53
=ended         2022-08-23 13:42:53
=result        failed: {test_case_failed,
                           "Please rename module as 'ring' to proceed the test"}, [{test1_SUITE,
                                                                                    ring_test_common,
                                                                                    138},
                                                                                   {test1_SUITE,
                                                                                    ring_test,
                                                                                    125},
                                                                                   {test_server,
                                                                                    ts_tc,
                                                                                    1754},
                                                                                   {test_server,
                                                                                    run_test_case_eval1,
                                                                                    1263},
                                                                                   {test_server,
                                                                                    run_test_case_eval,
                                                                                    1195}]
=== *** FAILED test case 7 of 25 ***
=case          test1_SUITE:star_test
=logfile       test1_suite.star_test.html
=started       2022-08-23 13:42:53
=ended         2022-08-23 13:42:53
=result        failed: {test_case_failed,
                           "Please rename module as 'star' to proceed the test"}, [{test1_SUITE,
                                                                                    star_test_common,
                                                                                    181},
                                                                                   {test1_SUITE,
                                                                                    star_test,
                                                                                    168},
                                                                                   {test_server,
                                                                                    ts_tc,
                                                                                    1754},
                                                                                   {test_server,
                                                                                    run_test_case_eval1,
                                                                                    1263},
                                                                                   {test_server,
                                                                                    run_test_case_eval,
                                                                                    1195}]
=== *** FAILED test case 8 of 25 ***
=case          test1_SUITE:ms_test
=logfile       test1_suite.ms_test.html
=started       2022-08-23 13:42:53
=ended         2022-08-23 13:42:53
=result        failed: {{assertNotEqual,
                            [{module,test1_SUITE},
                             {line,224},
                             {expression,"whereis ( master )"},
                             {value,undefined}]},
                        [{test1_SUITE,'-ms_test_common/1-fun-0-',0,
                             [{file,"test1_SUITE.erl"},{line,224}]},
                         {test1_SUITE,ms_test_common,1,
                             [{file,"test1_SUITE.erl"},{line,224}]},
                         {test1_SUITE,ms_test,1,
                             [{file,"test1_SUITE.erl"},{line,211}]},
                         {test_server,ts_tc,3,
                             [{file,"test_server.erl"},{line,1754}]},
                         {test_server,run_test_case_eval1,6,
                             [{file,"test_server.erl"},{line,1263}]},
                         {test_server,run_test_case_eval,9,
                             [{file,"test_server.erl"},{line,1195}]}]}, [{test1_SUITE,
                                                                          '-ms_test_common/1-fun-0-',
                                                                          224},
                                                                         {test1_SUITE,
                                                                          ms_test_common,
                                                                          224},
                                                                         {test1_SUITE,
                                                                          ms_test,
                                                                          211},
                                                                         {test_server,
                                                                          ts_tc,
                                                                          1754},
                                                                         {test_server,
                                                                          run_test_case_eval1,
                                                                          1263},
                                                                         {test_server,
                                                                          run_test_case_eval,
                                                                          1195}]
=== *** FAILED test case 9 of 25 ***
=case          test1_SUITE:two_proc_test_boundary
=logfile       test1_suite.two_proc_test_boundary.html
=started       2022-08-23 13:42:53
=ended         2022-08-23 13:42:53
=result        failed: {test_case_failed,
                           "Please rename module as 'two_proc' to proceed the test"}, [{test1_SUITE,
                                                                                        two_proc_test_common,
                                                                                        95},
                                                                                       {test1_SUITE,
                                                                                        two_proc_test_boundary,
                                                                                        86},
                                                                                       {test_server,
                                                                                        ts_tc,
                                                                                        1754},
                                                                                       {test_server,
                                                                                        run_test_case_eval1,
                                                                                        1263},
                                                                                       {test_server,
                                                                                        run_test_case_eval,
                                                                                        1195}]
=== *** FAILED test case 10 of 25 ***
=case          test1_SUITE:ring_test_boundary
=logfile       test1_suite.ring_test_boundary.html
=started       2022-08-23 13:42:53
=ended         2022-08-23 13:42:53
=result        failed: {test_case_failed,
                           "Please rename module as 'ring' to proceed the test"}, [{test1_SUITE,
                                                                                    ring_test_common,
                                                                                    138},
                                                                                   {test1_SUITE,
                                                                                    ring_test_boundary,
                                                                                    130},
                                                                                   {test_server,
                                                                                    ts_tc,
                                                                                    1754},
                                                                                   {test_server,
                                                                                    run_test_case_eval1,
                                                                                    1263},
                                                                                   {test_server,
                                                                                    run_test_case_eval,
                                                                                    1195}]
=== *** FAILED test case 11 of 25 ***
=case          test1_SUITE:star_test_boundary
=logfile       test1_suite.star_test_boundary.html
=started       2022-08-23 13:42:53
=ended         2022-08-23 13:42:53
=result        failed: {test_case_failed,
                           "Please rename module as 'star' to proceed the test"}, [{test1_SUITE,
                                                                                    star_test_common,
                                                                                    181},
                                                                                   {test1_SUITE,
                                                                                    star_test_boundary,
                                                                                    173},
                                                                                   {test_server,
                                                                                    ts_tc,
                                                                                    1754},
                                                                                   {test_server,
                                                                                    run_test_case_eval1,
                                                                                    1263},
                                                                                   {test_server,
                                                                                    run_test_case_eval,
                                                                                    1195}]
=== *** FAILED test case 12 of 25 ***
=case          test1_SUITE:ms_test_boundary
=logfile       test1_suite.ms_test_boundary.html
=started       2022-08-23 13:42:53
=ended         2022-08-23 13:42:53
=result        failed: {{assertNotEqual,
                            [{module,test1_SUITE},
                             {line,224},
                             {expression,"whereis ( master )"},
                             {value,undefined}]},
                        [{test1_SUITE,'-ms_test_common/1-fun-0-',0,
                             [{file,"test1_SUITE.erl"},{line,224}]},
                         {test1_SUITE,ms_test_common,1,
                             [{file,"test1_SUITE.erl"},{line,224}]},
                         {test1_SUITE,ms_test_boundary,1,
                             [{file,"test1_SUITE.erl"},{line,216}]},
                         {test_server,ts_tc,3,
                             [{file,"test_server.erl"},{line,1754}]},
                         {test_server,run_test_case_eval1,6,
                             [{file,"test_server.erl"},{line,1263}]},
                         {test_server,run_test_case_eval,9,
                             [{file,"test_server.erl"},{line,1195}]}]}, [{test1_SUITE,
                                                                          '-ms_test_common/1-fun-0-',
                                                                          224},
                                                                         {test1_SUITE,
                                                                          ms_test_common,
                                                                          224},
                                                                         {test1_SUITE,
                                                                          ms_test_boundary,
                                                                          216},
                                                                         {test_server,
                                                                          ts_tc,
                                                                          1754},
                                                                         {test_server,
                                                                          run_test_case_eval1,
                                                                          1263},
                                                                         {test_server,
                                                                          run_test_case_eval,
                                                                          1195}]
=== *** FAILED test case 13 of 25 ***
=case          ct_framework:end_per_suite
=logfile       ct_framework.end_per_suite.html
=group_props   [{suite,test1_SUITE}]
=started       2022-08-23 13:42:53
=ended         2022-08-23 13:42:53
=result        ok
=elapsed       1.0e-6
=group_time    0.353s
=case          ct_framework:init_per_suite
=logfile       ct_framework.init_per_suite.66.html
=group_props   [{suite,test2_SUITE}]
=started       2022-08-23 13:42:53
=ended         2022-08-23 13:42:53
=result        ok
=elapsed       0.0
=case          test2_SUITE:db_list_test
=logfile       test2_suite.db_list_test.html
=started       2022-08-23 13:42:53
=ended         2022-08-23 13:42:53
=result        failed: {undef,
                           [{db_list,start,[],[]},
                            {test2_SUITE,'-db_list_test/1-fun-0-',0,
                                [{file,"test2_SUITE.erl"},{line,26}]},
                            {test2_SUITE,db_list_test,1,
                                [{file,"test2_SUITE.erl"},{line,26}]},
                            {test_server,ts_tc,3,
                                [{file,"test_server.erl"},{line,1754}]},
                            {test_server,run_test_case_eval1,6,
                                [{file,"test_server.erl"},{line,1263}]},
                            {test_server,run_test_case_eval,9,
                                [{file,"test_server.erl"},{line,1195}]}]}, [{db_list,
                                                                             start},
                                                                            {test2_SUITE,
                                                                             '-db_list_test/1-fun-0-',
                                                                             26},
                                                                            {test2_SUITE,
                                                                             db_list_test,
                                                                             26},
                                                                            {test_server,
                                                                             ts_tc,
                                                                             1754},
                                                                            {test_server,
                                                                             run_test_case_eval1,
                                                                             1263},
                                                                            {test_server,
                                                                             run_test_case_eval,
                                                                             1195}]
=== *** FAILED test case 14 of 25 ***
=case          test2_SUITE:db_record_test
=logfile       test2_suite.db_record_test.html
=started       2022-08-23 13:42:53
=ended         2022-08-23 13:42:53
=result        failed: {undef,
                           [{db_record,start,[],[]},
                            {test2_SUITE,'-db_test/1-fun-0-',1,
                                [{file,"test2_SUITE.erl"},{line,105}]},
                            {test2_SUITE,db_test,1,
                                [{file,"test2_SUITE.erl"},{line,105}]},
                            {test2_SUITE,db_record_test,1,
                                [{file,"test2_SUITE.erl"},{line,86}]},
                            {test_server,ts_tc,3,
                                [{file,"test_server.erl"},{line,1754}]},
                            {test_server,run_test_case_eval1,6,
                                [{file,"test_server.erl"},{line,1263}]},
                            {test_server,run_test_case_eval,9,
                                [{file,"test_server.erl"},{line,1195}]}]}, [{db_record,
                                                                             start},
                                                                            {test2_SUITE,
                                                                             '-db_test/1-fun-0-',
                                                                             105},
                                                                            {test2_SUITE,
                                                                             db_test,
                                                                             105},
                                                                            {test2_SUITE,
                                                                             db_record_test,
                                                                             86},
                                                                            {test_server,
                                                                             ts_tc,
                                                                             1754},
                                                                            {test_server,
                                                                             run_test_case_eval1,
                                                                             1263},
                                                                            {test_server,
                                                                             run_test_case_eval,
                                                                             1195}]
=== *** FAILED test case 15 of 25 ***
=case          test2_SUITE:db_ets_test
=logfile       test2_suite.db_ets_test.html
=started       2022-08-23 13:42:53
=ended         2022-08-23 13:42:53
=result        failed: {undef,
                           [{db_ets,start,[],[]},
                            {test2_SUITE,'-db_test/1-fun-0-',1,
                                [{file,"test2_SUITE.erl"},{line,105}]},
                            {test2_SUITE,db_test,1,
                                [{file,"test2_SUITE.erl"},{line,105}]},
                            {test2_SUITE,db_ets_test,1,
                                [{file,"test2_SUITE.erl"},{line,91}]},
                            {test_server,ts_tc,3,
                                [{file,"test_server.erl"},{line,1754}]},
                            {test_server,run_test_case_eval1,6,
                                [{file,"test_server.erl"},{line,1263}]},
                            {test_server,run_test_case_eval,9,
                                [{file,"test_server.erl"},{line,1195}]}]}, [{db_ets,
                                                                             start},
                                                                            {test2_SUITE,
                                                                             '-db_test/1-fun-0-',
                                                                             105},
                                                                            {test2_SUITE,
                                                                             db_test,
                                                                             105},
                                                                            {test2_SUITE,
                                                                             db_ets_test,
                                                                             91},
                                                                            {test_server,
                                                                             ts_tc,
                                                                             1754},
                                                                            {test_server,
                                                                             run_test_case_eval1,
                                                                             1263},
                                                                            {test_server,
                                                                             run_test_case_eval,
                                                                             1195}]
=== *** FAILED test case 16 of 25 ***
=case          test2_SUITE:db_dets_test
=logfile       test2_suite.db_dets_test.html
=started       2022-08-23 13:42:53
=ended         2022-08-23 13:42:53
=result        failed: {undef,
                           [{db_dets,start,[],[]},
                            {test2_SUITE,'-db_test/1-fun-0-',1,
                                [{file,"test2_SUITE.erl"},{line,105}]},
                            {test2_SUITE,db_test,1,
                                [{file,"test2_SUITE.erl"},{line,105}]},
                            {test2_SUITE,db_dets_test,1,
                                [{file,"test2_SUITE.erl"},{line,96}]},
                            {test_server,ts_tc,3,
                                [{file,"test_server.erl"},{line,1754}]},
                            {test_server,run_test_case_eval1,6,
                                [{file,"test_server.erl"},{line,1263}]},
                            {test_server,run_test_case_eval,9,
                                [{file,"test_server.erl"},{line,1195}]}]}, [{db_dets,
                                                                             start},
                                                                            {test2_SUITE,
                                                                             '-db_test/1-fun-0-',
                                                                             105},
                                                                            {test2_SUITE,
                                                                             db_test,
                                                                             105},
                                                                            {test2_SUITE,
                                                                             db_dets_test,
                                                                             96},
                                                                            {test_server,
                                                                             ts_tc,
                                                                             1754},
                                                                            {test_server,
                                                                             run_test_case_eval1,
                                                                             1263},
                                                                            {test_server,
                                                                             run_test_case_eval,
                                                                             1195}]
=== *** FAILED test case 17 of 25 ***
=case          test2_SUITE:funs_test
=logfile       test2_suite.funs_test.html
=started       2022-08-23 13:42:53
=ended         2022-08-23 13:42:53
=result        failed: {undef,
                           [{funs,llen,[[[],[1,2,3],[a,v,d,s,s]]],[]},
                            {test2_SUITE,'-funs_test/1-fun-0-',0,
                                [{file,"test2_SUITE.erl"},{line,183}]},
                            {test2_SUITE,funs_test,1,
                                [{file,"test2_SUITE.erl"},{line,183}]},
                            {test_server,ts_tc,3,
                                [{file,"test_server.erl"},{line,1754}]},
                            {test_server,run_test_case_eval1,6,
                                [{file,"test_server.erl"},{line,1263}]},
                            {test_server,run_test_case_eval,9,
                                [{file,"test_server.erl"},{line,1195}]}]}, [{funs,
                                                                             llen},
                                                                            {test2_SUITE,
                                                                             '-funs_test/1-fun-0-',
                                                                             183},
                                                                            {test2_SUITE,
                                                                             funs_test,
                                                                             183},
                                                                            {test_server,
                                                                             ts_tc,
                                                                             1754},
                                                                            {test_server,
                                                                             run_test_case_eval1,
                                                                             1263},
                                                                            {test_server,
                                                                             run_test_case_eval,
                                                                             1195}]
=== *** FAILED test case 18 of 25 ***
=case          test2_SUITE:lc_test
=logfile       test2_suite.lc_test.html
=started       2022-08-23 13:42:53
=ended         2022-08-23 13:42:53
=result        failed: {undef,
                           [{lc,atoms,[[{hello,1},3,ernie,[a,b,c],burt]],[]},
                            {test2_SUITE,'-lc_test/1-fun-0-',0,
                                [{file,"test2_SUITE.erl"},{line,203}]},
                            {test2_SUITE,lc_test,1,
                                [{file,"test2_SUITE.erl"},{line,203}]},
                            {test_server,ts_tc,3,
                                [{file,"test_server.erl"},{line,1754}]},
                            {test_server,run_test_case_eval1,6,
                                [{file,"test_server.erl"},{line,1263}]},
                            {test_server,run_test_case_eval,9,
                                [{file,"test_server.erl"},{line,1195}]}]}, [{lc,
                                                                             atoms},
                                                                            {test2_SUITE,
                                                                             '-lc_test/1-fun-0-',
                                                                             203},
                                                                            {test2_SUITE,
                                                                             lc_test,
                                                                             203},
                                                                            {test_server,
                                                                             ts_tc,
                                                                             1754},
                                                                            {test_server,
                                                                             run_test_case_eval1,
                                                                             1263},
                                                                            {test_server,
                                                                             run_test_case_eval,
                                                                             1195}]
=== *** FAILED test case 19 of 25 ***
=case          test2_SUITE:db_distr_test
=logfile       test2_suite.db_distr_test.html
=started       2022-08-23 13:42:53
=ended         2022-08-23 13:42:54
=result        failed: {undef,
                           [{db_distr,all_names,[],[]},
                            {test2_SUITE,check_connection_to_db,0,
                                [{file,"test2_SUITE.erl"},{line,264}]},
                            {test2_SUITE,db_distr_test,1,
                                [{file,"test2_SUITE.erl"},{line,290}]},
                            {test_server,ts_tc,3,
                                [{file,"test_server.erl"},{line,1754}]},
                            {test_server,run_test_case_eval1,6,
                                [{file,"test_server.erl"},{line,1263}]},
                            {test_server,run_test_case_eval,9,
                                [{file,"test_server.erl"},{line,1195}]}]}, [{db_distr,
                                                                             all_names},
                                                                            {test2_SUITE,
                                                                             check_connection_to_db,
                                                                             264},
                                                                            {test2_SUITE,
                                                                             db_distr_test,
                                                                             290},
                                                                            {test_server,
                                                                             ts_tc,
                                                                             1754},
                                                                            {test_server,
                                                                             run_test_case_eval1,
                                                                             1263},
                                                                            {test_server,
                                                                             run_test_case_eval,
                                                                             1195}]
=== *** FAILED test case 20 of 25 ***
=case          test2_SUITE:db_distr_robust_test
=logfile       test2_suite.db_distr_robust_test.html
=started       2022-08-23 13:42:54
=ended         2022-08-23 13:42:54
=result        failed: {undef,
                           [{db_distr,all_names,[],[]},
                            {test2_SUITE,db_distr_robust_test,1,
                                [{file,"test2_SUITE.erl"},{line,308}]},
                            {test_server,ts_tc,3,
                                [{file,"test_server.erl"},{line,1754}]},
                            {test_server,run_test_case_eval1,6,
                                [{file,"test_server.erl"},{line,1263}]},
                            {test_server,run_test_case_eval,9,
                                [{file,"test_server.erl"},{line,1195}]}]}, [{db_distr,
                                                                             all_names},
                                                                            {test2_SUITE,
                                                                             db_distr_robust_test,
                                                                             308},
                                                                            {test_server,
                                                                             ts_tc,
                                                                             1754},
                                                                            {test_server,
                                                                             run_test_case_eval1,
                                                                             1263},
                                                                            {test_server,
                                                                             run_test_case_eval,
                                                                             1195}]
=== *** FAILED test case 21 of 25 ***
=case          ct_framework:end_per_suite
=logfile       ct_framework.end_per_suite.194.html
=group_props   [{suite,test2_SUITE}]
=started       2022-08-23 13:42:54
=ended         2022-08-23 13:42:54
=result        ok
=elapsed       0.0
=group_time    1.260s
=case          ct_framework:init_per_suite
=logfile       ct_framework.init_per_suite.258.html
=group_props   [{suite,test3_SUITE}]
=started       2022-08-23 13:42:54
=ended         2022-08-23 13:42:54
=result        ok
=elapsed       0.0
=case          test3_SUITE:db_list_test
=logfile       test3_suite.db_list_test.html
=started       2022-08-23 13:42:54
=ended         2022-08-23 13:42:54
=result        failed: {undef,
                           [{db_list,db_init,[],[]},
                            {test3_SUITE,backend_test,1,
                                [{file,"test3_SUITE.erl"},{line,32}]},
                            {test3_SUITE,db_list_test,1,
                                [{file,"test3_SUITE.erl"},{line,20}]},
                            {test_server,ts_tc,3,
                                [{file,"test_server.erl"},{line,1754}]},
                            {test_server,run_test_case_eval1,6,
                                [{file,"test_server.erl"},{line,1263}]},
                            {test_server,run_test_case_eval,9,
                                [{file,"test_server.erl"},{line,1195}]}]}, [{db_list,
                                                                             db_init},
                                                                            {test3_SUITE,
                                                                             backend_test,
                                                                             32},
                                                                            {test3_SUITE,
                                                                             db_list_test,
                                                                             20},
                                                                            {test_server,
                                                                             ts_tc,
                                                                             1754},
                                                                            {test_server,
                                                                             run_test_case_eval1,
                                                                             1263},
                                                                            {test_server,
                                                                             run_test_case_eval,
                                                                             1195}]
=== *** FAILED test case 22 of 25 ***
=case          test3_SUITE:db_ets_test
=logfile       test3_suite.db_ets_test.html
=started       2022-08-23 13:42:54
=ended         2022-08-23 13:42:54
=result        failed: {undef,
                           [{db_ets,db_init,[],[]},
                            {test3_SUITE,backend_test,1,
                                [{file,"test3_SUITE.erl"},{line,32}]},
                            {test3_SUITE,db_ets_test,1,
                                [{file,"test3_SUITE.erl"},{line,26}]},
                            {test_server,ts_tc,3,
                                [{file,"test_server.erl"},{line,1754}]},
                            {test_server,run_test_case_eval1,6,
                                [{file,"test_server.erl"},{line,1263}]},
                            {test_server,run_test_case_eval,9,
                                [{file,"test_server.erl"},{line,1195}]}]}, [{db_ets,
                                                                             db_init},
                                                                            {test3_SUITE,
                                                                             backend_test,
                                                                             32},
                                                                            {test3_SUITE,
                                                                             db_ets_test,
                                                                             26},
                                                                            {test_server,
                                                                             ts_tc,
                                                                             1754},
                                                                            {test_server,
                                                                             run_test_case_eval1,
                                                                             1263},
                                                                            {test_server,
                                                                             run_test_case_eval,
                                                                             1195}]
=== *** FAILED test case 23 of 25 ***
=case          test3_SUITE:lr_test
=logfile       test3_suite.lr_test.html
=started       2022-08-23 13:42:54
=ended         2022-08-23 13:42:54
=result        failed: {undef,
                           [{lr,start_link,[],[]},
                            {test3_SUITE,lr_test,1,
                                [{file,"test3_SUITE.erl"},{line,83}]},
                            {test_server,ts_tc,3,
                                [{file,"test_server.erl"},{line,1754}]},
                            {test_server,run_test_case_eval1,6,
                                [{file,"test_server.erl"},{line,1263}]},
                            {test_server,run_test_case_eval,9,
                                [{file,"test_server.erl"},{line,1195}]}]}, [{lr,
                                                                             start_link},
                                                                            {test3_SUITE,
                                                                             lr_test,
                                                                             83},
                                                                            {test_server,
                                                                             ts_tc,
                                                                             1754},
                                                                            {test_server,
                                                                             run_test_case_eval1,
                                                                             1263},
                                                                            {test_server,
                                                                             run_test_case_eval,
                                                                             1195}]
=== *** FAILED test case 24 of 25 ***
=case          test3_SUITE:bs_test
=logfile       test3_suite.bs_test.html
=started       2022-08-23 13:42:54
=ended         2022-08-23 13:42:54
=result        failed: {undef,
                           [{lr,start_link,[],[]},
                            {test3_SUITE,bs_test,1,
                                [{file,"test3_SUITE.erl"},{line,142}]},
                            {test_server,ts_tc,3,
                                [{file,"test_server.erl"},{line,1754}]},
                            {test_server,run_test_case_eval1,6,
                                [{file,"test_server.erl"},{line,1263}]},
                            {test_server,run_test_case_eval,9,
                                [{file,"test_server.erl"},{line,1195}]}]}, [{lr,
                                                                             start_link},
                                                                            {test3_SUITE,
                                                                             bs_test,
                                                                             142},
                                                                            {test_server,
                                                                             ts_tc,
                                                                             1754},
                                                                            {test_server,
                                                                             run_test_case_eval1,
                                                                             1263},
                                                                            {test_server,
                                                                             run_test_case_eval,
                                                                             1195}]
=== *** FAILED test case 25 of 25 ***
=case          ct_framework:end_per_suite
=logfile       ct_framework.end_per_suite.386.html
=group_props   [{suite,test3_SUITE}]
=started       2022-08-23 13:42:54
=ended         2022-08-23 13:42:54
=result        ok
=elapsed       0.0
=group_time    0.128s
=== TEST COMPLETE, 2 ok, 23 failed of 25 test cases

=finished      2022-08-23 13:42:54
=failed        23
=successful    2
=user_skipped  0
=auto_skipped  0
